============================= test session starts =============================
platform win32 -- Python 3.12.3, pytest-9.1.1, pluggy-1.6.0 -- G:\CODEX\New Manga.task-envs\TASK-012-py312\Scripts\python.exe
cachedir: .pytest_cache
rootdir: G:\CODEX\New Manga.worktrees\TASK-030-zcode
configfile: pytest.ini
collecting ... collected 46 items

tests/ui_shell/test_bookshelf_viewmodel.py::TestBookListModel::test_roles_and_rows PASSED [  2%]
tests/ui_shell/test_bookshelf_viewmodel.py::TestBookListModel::test_role_for_name_unknown_returns_invalid PASSED [  4%]
tests/ui_shell/test_bookshelf_viewmodel.py::TestChapterListModel::test_chapter_rows_sorted_by_sort_order PASSED [  6%]
tests/ui_shell/test_bookshelf_viewmodel.py::TestShelfCrud::test_create_book_appears_in_model PASSED [  8%]
tests/ui_shell/test_bookshelf_viewmodel.py::TestShelfCrud::test_empty_state PASSED [ 10%]
tests/ui_shell/test_bookshelf_viewmodel.py::TestShelfCrud::test_select_book_exposes_detail_and_chapters PASSED [ 13%]
tests/ui_shell/test_bookshelf_viewmodel.py::TestShelfCrud::test_delete_book_removes_from_shelf PASSED [ 15%]
tests/ui_shell/test_bookshelf_viewmodel.py::TestShelfCrud::test_favorite_and_archive_flags PASSED [ 17%]
tests/ui_shell/test_bookshelf_viewmodel.py::TestShelfCrud::test_archived_filter_hides_archived_by_default PASSED [ 19%]
tests/ui_shell/test_bookshelf_viewmodel.py::TestShelfCrud::test_favorites_filter PASSED [ 21%]
tests/ui_shell/test_bookshelf_viewmodel.py::TestShelfCrud::test_search_filters_by_title PASSED [ 23%]
tests/ui_shell/test_bookshelf_viewmodel.py::TestImportEntry::test_import_delegates_to_use_case PASSED [ 26%]
tests/ui_shell/test_bookshelf_viewmodel.py::TestImportEntry::test_import_from_urls_reads_local_files PASSED [ 28%]
tests/ui_shell/test_bookshelf_viewmodel.py::TestImportEntry::test_import_requires_known_chapter PASSED [ 30%]
tests/ui_shell/test_bookshelf_viewmodel.py::TestNavigationFromShelf::test_enter_translation_carries_book_and_chapter PASSED [ 32%]
tests/ui_shell/test_bookshelf_viewmodel.py::TestNavigationFromShelf::test_enter_reading_carries_reader_context PASSED [ 34%]
tests/ui_shell/test_navigation_service.py::TestDefaultAndRoutes::test_startup_selects_bookshelf PASSED [ 36%]
tests/ui_shell/test_navigation_service.py::TestDefaultAndRoutes::test_exactly_four_top_level_pages PASSED [ 39%]
tests/ui_shell/test_navigation_service.py::TestDefaultAndRoutes::test_can_navigate_each_page[bookshelf] PASSED [ 41%]
tests/ui_shell/test_navigation_service.py::TestDefaultAndRoutes::test_can_navigate_each_page[reader] PASSED [ 43%]
tests/ui_shell/test_navigation_service.py::TestDefaultAndRoutes::test_can_navigate_each_page[settings] PASSED [ 45%]
tests/ui_shell/test_navigation_service.py::TestDefaultAndRoutes::test_can_navigate_each_page[workbench] PASSED [ 47%]
tests/ui_shell/test_navigation_service.py::TestDefaultAndRoutes::test_unknown_page_is_rejected PASSED [ 50%]
tests/ui_shell/test_navigation_service.py::TestDefaultAndRoutes::test_navigate_to_same_page_is_a_noop PASSED [ 52%]
tests/ui_shell/test_navigation_service.py::TestContextPreservation::test_switching_pages_keeps_workbench_context PASSED [ 54%]
tests/ui_shell/test_navigation_service.py::TestContextPreservation::test_enter_workbench_switches_page_and_carries_context PASSED [ 56%]
tests/ui_shell/test_navigation_service.py::TestContextPreservation::test_enter_reader_carries_progress PASSED [ 58%]
tests/ui_shell/test_navigation_service.py::TestContextPreservation::test_contexts_are_independent PASSED [ 60%]
tests/ui_shell/test_navigation_service.py::TestContextPreservation::test_leaving_workbench_does_not_clear_running_task_flag PASSED [ 63%]
tests/ui_shell/test_navigation_viewmodel.py::test_defaults_to_bookshelf_with_four_entries PASSED [ 65%]
tests/ui_shell/test_navigation_viewmodel.py::test_navigate_updates_property_and_signal PASSED [ 67%]
tests/ui_shell/test_navigation_viewmodel.py::test_navigate_rejects_fifth_route PASSED [ 69%]
tests/ui_shell/test_navigation_viewmodel.py::test_workbench_context_exposed_and_kept PASSED [ 71%]
tests/ui_shell/test_navigation_viewmodel.py::test_reader_context_with_progress PASSED [ 73%]
tests/ui_shell/test_navigation_viewmodel.py::test_workbench_badge_property PASSED [ 76%]
tests/ui_shell/test_qml_shell.py::test_appshell_declares_exactly_four_top_level_pages PASSED [ 78%]
tests/ui_shell/test_qml_shell.py::test_startup_lands_on_bookshelf PASSED [ 80%]
tests/ui_shell/test_qml_shell.py::test_rail_button_click_switches_page PASSED [ 82%]
tests/ui_shell/test_qml_shell.py::test_switching_pages_only_toggles_visibility_and_keeps_context PASSED [ 84%]
tests/ui_shell/test_qml_shell.py::test_shelf_and_detail_empty_states PASSED [ 86%]
tests/ui_shell/test_qml_shell.py::test_creating_book_clears_empty_state_and_populates_grid PASSED [ 89%]
tests/ui_shell/test_qml_shell.py::test_new_book_dialog_flow_creates_book PASSED [ 91%]
tests/ui_shell/test_qml_shell.py::test_enter_buttons_follow_chapter_selection PASSED [ 93%]
tests/ui_shell/test_qml_shell.py::test_view_mode_switch_keeps_model PASSED [ 95%]
tests/ui_shell/test_qml_shell.py::test_workbench_and_reader_are_honest_skeletons PASSED [ 97%]
tests/ui_shell/test_qml_shell.py::test_settings_page_lists_twelve_fixed_categories PASSED [100%]

============================= 46 passed in 0.53s ==============================
